<?xml version="1.0" encoding="UTF-8"?>
<testsuite xmlns:xsi="http://www.w3.org/2001/XMLSchema-instance" xsi:noNamespaceSchemaLocation="https://maven.apache.org/surefire/maven-surefire-plugin/xsd/surefire-test-report.xsd" name="com.example.restservicecors.GreetingIntegrationTests" time="2.389" tests="1" errors="1" skipped="0" failures="0">
  <properties>
    <property name="awt.toolkit" value="sun.lwawt.macosx.LWCToolkit"/>
    <property name="java.specification.version" value="12"/>
    <property name="sun.jnu.encoding" value="UTF-8"/>
    <property name="java.class.path" value="/Users/ariel.schreiber/Desktop/gs-rest-service-cors-master/complete/target/test-classes:/Users/ariel.schreiber/Desktop/gs-rest-service-cors-master/complete/target/classes:/Users/ariel.schreiber/.m2/repository/org/springframework/boot/spring-boot-starter-web/2.4.2/spring-boot-starter-web-2.4.2.jar:/Users/ariel.schreiber/.m2/repository/org/springframework/boot/spring-boot-starter/2.4.2/spring-boot-starter-2.4.2.jar:/Users/ariel.schreiber/.m2/repository/org/springframework/boot/spring-boot/2.4.2/spring-boot-2.4.2.jar:/Users/ariel.schreiber/.m2/repository/org/springframework/boot/spring-boot-autoconfigure/2.4.2/spring-boot-autoconfigure-2.4.2.jar:/Users/ariel.schreiber/.m2/repository/org/springframework/boot/spring-boot-starter-logging/2.4.2/spring-boot-starter-logging-2.4.2.jar:/Users/ariel.schreiber/.m2/repository/ch/qos/logback/logback-classic/1.2.3/logback-classic-1.2.3.jar:/Users/ariel.schreiber/.m2/repository/ch/qos/logback/logback-core/1.2.3/logback-core-1.2.3.jar:/Users/ariel.schreiber/.m2/repository/org/apache/logging/log4j/log4j-to-slf4j/2.13.3/log4j-to-slf4j-2.13.3.jar:/Users/ariel.schreiber/.m2/repository/org/apache/logging/log4j/log4j-api/2.13.3/log4j-api-2.13.3.jar:/Users/ariel.schreiber/.m2/repository/org/slf4j/jul-to-slf4j/1.7.30/jul-to-slf4j-1.7.30.jar:/Users/ariel.schreiber/.m2/repository/jakarta/annotation/jakarta.annotation-api/1.3.5/jakarta.annotation-api-1.3.5.jar:/Users/ariel.schreiber/.m2/repository/org/yaml/snakeyaml/1.27/snakeyaml-1.27.jar:/Users/ariel.schreiber/.m2/repository/org/springframework/boot/spring-boot-starter-json/2.4.2/spring-boot-starter-json-2.4.2.jar:/Users/ariel.schreiber/.m2/repository/com/fasterxml/jackson/core/jackson-databind/2.11.4/jackson-databind-2.11.4.jar:/Users/ariel.schreiber/.m2/repository/com/fasterxml/jackson/core/jackson-annotations/2.11.4/jackson-annotations-2.11.4.jar:/Users/ariel.schreiber/.m2/repository/com/fasterxml/jackson/core/jackson-core/2.11.4/jackson-core-2.11.4.jar:/Users/ariel.schreiber/.m2/repository/com/fasterxml/jackson/datatype/jackson-datatype-jdk8/2.11.4/jackson-datatype-jdk8-2.11.4.jar:/Users/ariel.schreiber/.m2/repository/com/fasterxml/jackson/datatype/jackson-datatype-jsr310/2.11.4/jackson-datatype-jsr310-2.11.4.jar:/Users/ariel.schreiber/.m2/repository/com/fasterxml/jackson/module/jackson-module-parameter-names/2.11.4/jackson-module-parameter-names-2.11.4.jar:/Users/ariel.schreiber/.m2/repository/org/springframework/boot/spring-boot-starter-tomcat/2.4.2/spring-boot-starter-tomcat-2.4.2.jar:/Users/ariel.schreiber/.m2/repository/org/apache/tomcat/embed/tomcat-embed-core/9.0.41/tomcat-embed-core-9.0.41.jar:/Users/ariel.schreiber/.m2/repository/org/glassfish/jakarta.el/3.0.3/jakarta.el-3.0.3.jar:/Users/ariel.schreiber/.m2/repository/org/apache/tomcat/embed/tomcat-embed-websocket/9.0.41/tomcat-embed-websocket-9.0.41.jar:/Users/ariel.schreiber/.m2/repository/org/springframework/spring-web/5.3.3/spring-web-5.3.3.jar:/Users/ariel.schreiber/.m2/repository/org/springframework/spring-beans/5.3.3/spring-beans-5.3.3.jar:/Users/ariel.schreiber/.m2/repository/org/springframework/spring-webmvc/5.3.3/spring-webmvc-5.3.3.jar:/Users/ariel.schreiber/.m2/repository/org/springframework/spring-aop/5.3.3/spring-aop-5.3.3.jar:/Users/ariel.schreiber/.m2/repository/org/springframework/spring-context/5.3.3/spring-context-5.3.3.jar:/Users/ariel.schreiber/.m2/repository/org/springframework/spring-expression/5.3.3/spring-expression-5.3.3.jar:/Users/ariel.schreiber/.m2/repository/org/apache/httpcomponents/httpclient/4.5.13/httpclient-4.5.13.jar:/Users/ariel.schreiber/.m2/repository/org/apache/httpcomponents/httpcore/4.4.14/httpcore-4.4.14.jar:/Users/ariel.schreiber/.m2/repository/commons-codec/commons-codec/1.15/commons-codec-1.15.jar:/Users/ariel.schreiber/.m2/repository/org/springframework/boot/spring-boot-starter-test/2.4.2/spring-boot-starter-test-2.4.2.jar:/Users/ariel.schreiber/.m2/repository/org/springframework/boot/spring-boot-test/2.4.2/spring-boot-test-2.4.2.jar:/Users/ariel.schreiber/.m2/repository/org/springframework/boot/spring-boot-test-autoconfigure/2.4.2/spring-boot-test-autoconfigure-2.4.2.jar:/Users/ariel.schreiber/.m2/repository/com/jayway/jsonpath/json-path/2.4.0/json-path-2.4.0.jar:/Users/ariel.schreiber/.m2/repository/net/minidev/json-smart/2.3/json-smart-2.3.jar:/Users/ariel.schreiber/.m2/repository/net/minidev/accessors-smart/1.2/accessors-smart-1.2.jar:/Users/ariel.schreiber/.m2/repository/org/ow2/asm/asm/5.0.4/asm-5.0.4.jar:/Users/ariel.schreiber/.m2/repository/org/slf4j/slf4j-api/1.7.30/slf4j-api-1.7.30.jar:/Users/ariel.schreiber/.m2/repository/jakarta/xml/bind/jakarta.xml.bind-api/2.3.3/jakarta.xml.bind-api-2.3.3.jar:/Users/ariel.schreiber/.m2/repository/jakarta/activation/jakarta.activation-api/1.2.2/jakarta.activation-api-1.2.2.jar:/Users/ariel.schreiber/.m2/repository/org/assertj/assertj-core/3.18.1/assertj-core-3.18.1.jar:/Users/ariel.schreiber/.m2/repository/org/hamcrest/hamcrest/2.2/hamcrest-2.2.jar:/Users/ariel.schreiber/.m2/repository/org/junit/jupiter/junit-jupiter/5.7.0/junit-jupiter-5.7.0.jar:/Users/ariel.schreiber/.m2/repository/org/junit/jupiter/junit-jupiter-api/5.7.0/junit-jupiter-api-5.7.0.jar:/Users/ariel.schreiber/.m2/repository/org/apiguardian/apiguardian-api/1.1.0/apiguardian-api-1.1.0.jar:/Users/ariel.schreiber/.m2/repository/org/opentest4j/opentest4j/1.2.0/opentest4j-1.2.0.jar:/Users/ariel.schreiber/.m2/repository/org/junit/platform/junit-platform-commons/1.7.0/junit-platform-commons-1.7.0.jar:/Users/ariel.schreiber/.m2/repository/org/junit/jupiter/junit-jupiter-params/5.7.0/junit-jupiter-params-5.7.0.jar:/Users/ariel.schreiber/.m2/repository/org/junit/jupiter/junit-jupiter-engine/5.7.0/junit-jupiter-engine-5.7.0.jar:/Users/ariel.schreiber/.m2/repository/org/junit/platform/junit-platform-engine/1.7.0/junit-platform-engine-1.7.0.jar:/Users/ariel.schreiber/.m2/repository/org/mockito/mockito-core/3.6.28/mockito-core-3.6.28.jar:/Users/ariel.schreiber/.m2/repository/net/bytebuddy/byte-buddy/1.10.19/byte-buddy-1.10.19.jar:/Users/ariel.schreiber/.m2/repository/net/bytebuddy/byte-buddy-agent/1.10.19/byte-buddy-agent-1.10.19.jar:/Users/ariel.schreiber/.m2/repository/org/objenesis/objenesis/3.1/objenesis-3.1.jar:/Users/ariel.schreiber/.m2/repository/org/mockito/mockito-junit-jupiter/3.6.28/mockito-junit-jupiter-3.6.28.jar:/Users/ariel.schreiber/.m2/repository/org/skyscreamer/jsonassert/1.5.0/jsonassert-1.5.0.jar:/Users/ariel.schreiber/.m2/repository/com/vaadin/external/google/android-json/0.0.20131108.vaadin1/android-json-0.0.20131108.vaadin1.jar:/Users/ariel.schreiber/.m2/repository/org/springframework/spring-core/5.3.3/spring-core-5.3.3.jar:/Users/ariel.schreiber/.m2/repository/org/springframework/spring-jcl/5.3.3/spring-jcl-5.3.3.jar:/Users/ariel.schreiber/.m2/repository/org/springframework/spring-test/5.3.3/spring-test-5.3.3.jar:/Users/ariel.schreiber/.m2/repository/org/xmlunit/xmlunit-core/2.7.0/xmlunit-core-2.7.0.jar:"/>
    <property name="java.vm.vendor" value="Oracle Corporation"/>
    <property name="sun.arch.data.model" value="64"/>
    <property name="java.vendor.url" value="https://java.oracle.com/"/>
    <property name="os.name" value="Mac OS X"/>
    <property name="java.vm.specification.version" value="12"/>
    <property name="sun.java.launcher" value="SUN_STANDARD"/>
    <property name="user.country" value="IL"/>
    <property name="sun.boot.library.path" value="/Library/Java/JavaVirtualMachines/openjdk-12.0.2.jdk/Contents/Home/lib"/>
    <property name="sun.java.command" value="/Users/ariel.schreiber/Desktop/gs-rest-service-cors-master/complete/target/surefire/surefirebooter1518211744966804906.jar /Users/ariel.schreiber/Desktop/gs-rest-service-cors-master/complete/target/surefire 2021-02-09T20-55-45_830-jvmRun1 surefire17148517661750716423tmp surefire_012095745344031742920tmp"/>
    <property name="jdk.debug" value="release"/>
    <property name="surefire.test.class.path" value="/Users/ariel.schreiber/Desktop/gs-rest-service-cors-master/complete/target/test-classes:/Users/ariel.schreiber/Desktop/gs-rest-service-cors-master/complete/target/classes:/Users/ariel.schreiber/.m2/repository/org/springframework/boot/spring-boot-starter-web/2.4.2/spring-boot-starter-web-2.4.2.jar:/Users/ariel.schreiber/.m2/repository/org/springframework/boot/spring-boot-starter/2.4.2/spring-boot-starter-2.4.2.jar:/Users/ariel.schreiber/.m2/repository/org/springframework/boot/spring-boot/2.4.2/spring-boot-2.4.2.jar:/Users/ariel.schreiber/.m2/repository/org/springframework/boot/spring-boot-autoconfigure/2.4.2/spring-boot-autoconfigure-2.4.2.jar:/Users/ariel.schreiber/.m2/repository/org/springframework/boot/spring-boot-starter-logging/2.4.2/spring-boot-starter-logging-2.4.2.jar:/Users/ariel.schreiber/.m2/repository/ch/qos/logback/logback-classic/1.2.3/logback-classic-1.2.3.jar:/Users/ariel.schreiber/.m2/repository/ch/qos/logback/logback-core/1.2.3/logback-core-1.2.3.jar:/Users/ariel.schreiber/.m2/repository/org/apache/logging/log4j/log4j-to-slf4j/2.13.3/log4j-to-slf4j-2.13.3.jar:/Users/ariel.schreiber/.m2/repository/org/apache/logging/log4j/log4j-api/2.13.3/log4j-api-2.13.3.jar:/Users/ariel.schreiber/.m2/repository/org/slf4j/jul-to-slf4j/1.7.30/jul-to-slf4j-1.7.30.jar:/Users/ariel.schreiber/.m2/repository/jakarta/annotation/jakarta.annotation-api/1.3.5/jakarta.annotation-api-1.3.5.jar:/Users/ariel.schreiber/.m2/repository/org/yaml/snakeyaml/1.27/snakeyaml-1.27.jar:/Users/ariel.schreiber/.m2/repository/org/springframework/boot/spring-boot-starter-json/2.4.2/spring-boot-starter-json-2.4.2.jar:/Users/ariel.schreiber/.m2/repository/com/fasterxml/jackson/core/jackson-databind/2.11.4/jackson-databind-2.11.4.jar:/Users/ariel.schreiber/.m2/repository/com/fasterxml/jackson/core/jackson-annotations/2.11.4/jackson-annotations-2.11.4.jar:/Users/ariel.schreiber/.m2/repository/com/fasterxml/jackson/core/jackson-core/2.11.4/jackson-core-2.11.4.jar:/Users/ariel.schreiber/.m2/repository/com/fasterxml/jackson/datatype/jackson-datatype-jdk8/2.11.4/jackson-datatype-jdk8-2.11.4.jar:/Users/ariel.schreiber/.m2/repository/com/fasterxml/jackson/datatype/jackson-datatype-jsr310/2.11.4/jackson-datatype-jsr310-2.11.4.jar:/Users/ariel.schreiber/.m2/repository/com/fasterxml/jackson/module/jackson-module-parameter-names/2.11.4/jackson-module-parameter-names-2.11.4.jar:/Users/ariel.schreiber/.m2/repository/org/springframework/boot/spring-boot-starter-tomcat/2.4.2/spring-boot-starter-tomcat-2.4.2.jar:/Users/ariel.schreiber/.m2/repository/org/apache/tomcat/embed/tomcat-embed-core/9.0.41/tomcat-embed-core-9.0.41.jar:/Users/ariel.schreiber/.m2/repository/org/glassfish/jakarta.el/3.0.3/jakarta.el-3.0.3.jar:/Users/ariel.schreiber/.m2/repository/org/apache/tomcat/embed/tomcat-embed-websocket/9.0.41/tomcat-embed-websocket-9.0.41.jar:/Users/ariel.schreiber/.m2/repository/org/springframework/spring-web/5.3.3/spring-web-5.3.3.jar:/Users/ariel.schreiber/.m2/repository/org/springframework/spring-beans/5.3.3/spring-beans-5.3.3.jar:/Users/ariel.schreiber/.m2/repository/org/springframework/spring-webmvc/5.3.3/spring-webmvc-5.3.3.jar:/Users/ariel.schreiber/.m2/repository/org/springframework/spring-aop/5.3.3/spring-aop-5.3.3.jar:/Users/ariel.schreiber/.m2/repository/org/springframework/spring-context/5.3.3/spring-context-5.3.3.jar:/Users/ariel.schreiber/.m2/repository/org/springframework/spring-expression/5.3.3/spring-expression-5.3.3.jar:/Users/ariel.schreiber/.m2/repository/org/apache/httpcomponents/httpclient/4.5.13/httpclient-4.5.13.jar:/Users/ariel.schreiber/.m2/repository/org/apache/httpcomponents/httpcore/4.4.14/httpcore-4.4.14.jar:/Users/ariel.schreiber/.m2/repository/commons-codec/commons-codec/1.15/commons-codec-1.15.jar:/Users/ariel.schreiber/.m2/repository/org/springframework/boot/spring-boot-starter-test/2.4.2/spring-boot-starter-test-2.4.2.jar:/Users/ariel.schreiber/.m2/repository/org/springframework/boot/spring-boot-test/2.4.2/spring-boot-test-2.4.2.jar:/Users/ariel.schreiber/.m2/repository/org/springframework/boot/spring-boot-test-autoconfigure/2.4.2/spring-boot-test-autoconfigure-2.4.2.jar:/Users/ariel.schreiber/.m2/repository/com/jayway/jsonpath/json-path/2.4.0/json-path-2.4.0.jar:/Users/ariel.schreiber/.m2/repository/net/minidev/json-smart/2.3/json-smart-2.3.jar:/Users/ariel.schreiber/.m2/repository/net/minidev/accessors-smart/1.2/accessors-smart-1.2.jar:/Users/ariel.schreiber/.m2/repository/org/ow2/asm/asm/5.0.4/asm-5.0.4.jar:/Users/ariel.schreiber/.m2/repository/org/slf4j/slf4j-api/1.7.30/slf4j-api-1.7.30.jar:/Users/ariel.schreiber/.m2/repository/jakarta/xml/bind/jakarta.xml.bind-api/2.3.3/jakarta.xml.bind-api-2.3.3.jar:/Users/ariel.schreiber/.m2/repository/jakarta/activation/jakarta.activation-api/1.2.2/jakarta.activation-api-1.2.2.jar:/Users/ariel.schreiber/.m2/repository/org/assertj/assertj-core/3.18.1/assertj-core-3.18.1.jar:/Users/ariel.schreiber/.m2/repository/org/hamcrest/hamcrest/2.2/hamcrest-2.2.jar:/Users/ariel.schreiber/.m2/repository/org/junit/jupiter/junit-jupiter/5.7.0/junit-jupiter-5.7.0.jar:/Users/ariel.schreiber/.m2/repository/org/junit/jupiter/junit-jupiter-api/5.7.0/junit-jupiter-api-5.7.0.jar:/Users/ariel.schreiber/.m2/repository/org/apiguardian/apiguardian-api/1.1.0/apiguardian-api-1.1.0.jar:/Users/ariel.schreiber/.m2/repository/org/opentest4j/opentest4j/1.2.0/opentest4j-1.2.0.jar:/Users/ariel.schreiber/.m2/repository/org/junit/platform/junit-platform-commons/1.7.0/junit-platform-commons-1.7.0.jar:/Users/ariel.schreiber/.m2/repository/org/junit/jupiter/junit-jupiter-params/5.7.0/junit-jupiter-params-5.7.0.jar:/Users/ariel.schreiber/.m2/repository/org/junit/jupiter/junit-jupiter-engine/5.7.0/junit-jupiter-engine-5.7.0.jar:/Users/ariel.schreiber/.m2/repository/org/junit/platform/junit-platform-engine/1.7.0/junit-platform-engine-1.7.0.jar:/Users/ariel.schreiber/.m2/repository/org/mockito/mockito-core/3.6.28/mockito-core-3.6.28.jar:/Users/ariel.schreiber/.m2/repository/net/bytebuddy/byte-buddy/1.10.19/byte-buddy-1.10.19.jar:/Users/ariel.schreiber/.m2/repository/net/bytebuddy/byte-buddy-agent/1.10.19/byte-buddy-agent-1.10.19.jar:/Users/ariel.schreiber/.m2/repository/org/objenesis/objenesis/3.1/objenesis-3.1.jar:/Users/ariel.schreiber/.m2/repository/org/mockito/mockito-junit-jupiter/3.6.28/mockito-junit-jupiter-3.6.28.jar:/Users/ariel.schreiber/.m2/repository/org/skyscreamer/jsonassert/1.5.0/jsonassert-1.5.0.jar:/Users/ariel.schreiber/.m2/repository/com/vaadin/external/google/android-json/0.0.20131108.vaadin1/android-json-0.0.20131108.vaadin1.jar:/Users/ariel.schreiber/.m2/repository/org/springframework/spring-core/5.3.3/spring-core-5.3.3.jar:/Users/ariel.schreiber/.m2/repository/org/springframework/spring-jcl/5.3.3/spring-jcl-5.3.3.jar:/Users/ariel.schreiber/.m2/repository/org/springframework/spring-test/5.3.3/spring-test-5.3.3.jar:/Users/ariel.schreiber/.m2/repository/org/xmlunit/xmlunit-core/2.7.0/xmlunit-core-2.7.0.jar:"/>
    <property name="sun.cpu.endian" value="little"/>
    <property name="user.home" value="/Users/ariel.schreiber"/>
    <property name="user.language" value="en"/>
    <property name="java.specification.vendor" value="Oracle Corporation"/>
    <property name="java.version.date" value="2019-07-16"/>
    <property name="java.home" value="/Library/Java/JavaVirtualMachines/openjdk-12.0.2.jdk/Contents/Home"/>
    <property name="file.separator" value="/"/>
    <property name="basedir" value="/Users/ariel.schreiber/Desktop/gs-rest-service-cors-master/complete"/>
    <property name="java.vm.compressedOopsMode" value="Zero based"/>
    <property name="line.separator" value="&#10;"/>
    <property name="java.vm.specification.vendor" value="Oracle Corporation"/>
    <property name="java.specification.name" value="Java Platform API Specification"/>
    <property name="java.awt.graphicsenv" value="sun.awt.CGraphicsEnvironment"/>
    <property name="surefire.real.class.path" value="/Users/ariel.schreiber/Desktop/gs-rest-service-cors-master/complete/target/surefire/surefirebooter1518211744966804906.jar"/>
    <property name="sun.management.compiler" value="HotSpot 64-Bit Tiered Compilers"/>
    <property name="java.runtime.version" value="12.0.2+10"/>
    <property name="user.name" value="ariel.schreiber"/>
    <property name="path.separator" value=":"/>
    <property name="os.version" value="10.15.7"/>
    <property name="java.runtime.name" value="OpenJDK Runtime Environment"/>
    <property name="file.encoding" value="US-ASCII"/>
    <property name="java.vm.name" value="OpenJDK 64-Bit Server VM"/>
    <property name="localRepository" value="/Users/ariel.schreiber/.m2/repository"/>
    <property name="java.vendor.url.bug" value="https://bugreport.java.com/bugreport/"/>
    <property name="java.io.tmpdir" value="/var/folders/hd/g06ytnrn0971g2mhky39gt_h1nw0vv/T/"/>
    <property name="idea.version" value="2020.3.2"/>
    <property name="java.version" value="12.0.2"/>
    <property name="user.dir" value="/Users/ariel.schreiber/Desktop/gs-rest-service-cors-master/complete"/>
    <property name="os.arch" value="x86_64"/>
    <property name="java.vm.specification.name" value="Java Virtual Machine Specification"/>
    <property name="java.library.path" value="/Users/ariel.schreiber/Library/Java/Extensions:/Library/Java/Extensions:/Network/Library/Java/Extensions:/System/Library/Java/Extensions:/usr/lib/java:."/>
    <property name="java.vm.info" value="mixed mode, sharing"/>
    <property name="java.vendor" value="Oracle Corporation"/>
    <property name="java.vm.version" value="12.0.2+10"/>
    <property name="sun.io.unicode.encoding" value="UnicodeBig"/>
    <property name="java.class.version" value="56.0"/>
  </properties>
  <testcase name="keyFlow" classname="com.example.restservicecors.GreetingIntegrationTests" time="0.45">
    <error message="Error while extracting response for type [class [Ljava.lang.String;] and content type [application/json]; nested exception is org.springframework.http.converter.HttpMessageNotReadableException: JSON parse error: Cannot deserialize instance of `[Ljava.lang.String;` out of START_OBJECT token; nested exception is com.fasterxml.jackson.databind.exc.MismatchedInputException: Cannot deserialize instance of `[Ljava.lang.String;` out of START_OBJECT token&#10; at [Source: (PushbackInputStream); line: 1, column: 1]" type="org.springframework.web.client.RestClientException">org.springframework.web.client.RestClientException: 
Error while extracting response for type [class [Ljava.lang.String;] and content type [application/json]; nested exception is org.springframework.http.converter.HttpMessageNotReadableException: JSON parse error: Cannot deserialize instance of `[Ljava.lang.String;` out of START_OBJECT token; nested exception is com.fasterxml.jackson.databind.exc.MismatchedInputException: Cannot deserialize instance of `[Ljava.lang.String;` out of START_OBJECT token
 at [Source: (PushbackInputStream); line: 1, column: 1]
	at com.example.restservicecors.GreetingIntegrationTests.getKeys(GreetingIntegrationTests.java:51)
	at com.example.restservicecors.GreetingIntegrationTests.keyFlow(GreetingIntegrationTests.java:25)
Caused by: org.springframework.http.converter.HttpMessageNotReadableException: 
JSON parse error: Cannot deserialize instance of `[Ljava.lang.String;` out of START_OBJECT token; nested exception is com.fasterxml.jackson.databind.exc.MismatchedInputException: Cannot deserialize instance of `[Ljava.lang.String;` out of START_OBJECT token
 at [Source: (PushbackInputStream); line: 1, column: 1]
	at com.example.restservicecors.GreetingIntegrationTests.getKeys(GreetingIntegrationTests.java:51)
	at com.example.restservicecors.GreetingIntegrationTests.keyFlow(GreetingIntegrationTests.java:25)
Caused by: com.fasterxml.jackson.databind.exc.MismatchedInputException: 
Cannot deserialize instance of `[Ljava.lang.String;` out of START_OBJECT token
 at [Source: (PushbackInputStream); line: 1, column: 1]
	at com.example.restservicecors.GreetingIntegrationTests.getKeys(GreetingIntegrationTests.java:51)
	at com.example.restservicecors.GreetingIntegrationTests.keyFlow(GreetingIntegrationTests.java:25)
</error>
    <system-out><![CDATA[20:55:46.413 [main] DEBUG org.springframework.test.context.BootstrapUtils - Instantiating CacheAwareContextLoaderDelegate from class [org.springframework.test.context.cache.DefaultCacheAwareContextLoaderDelegate]
20:55:46.421 [main] DEBUG org.springframework.test.context.BootstrapUtils - Instantiating BootstrapContext using constructor [public org.springframework.test.context.support.DefaultBootstrapContext(java.lang.Class,org.springframework.test.context.CacheAwareContextLoaderDelegate)]
20:55:46.445 [main] DEBUG org.springframework.test.context.BootstrapUtils - Instantiating TestContextBootstrapper for test class [com.example.restservicecors.GreetingIntegrationTests] from class [org.springframework.boot.test.context.SpringBootTestContextBootstrapper]
20:55:46.454 [main] INFO org.springframework.boot.test.context.SpringBootTestContextBootstrapper - Neither @ContextConfiguration nor @ContextHierarchy found for test class [com.example.restservicecors.GreetingIntegrationTests], using SpringBootContextLoader
20:55:46.458 [main] DEBUG org.springframework.test.context.support.AbstractContextLoader - Did not detect default resource location for test class [com.example.restservicecors.GreetingIntegrationTests]: class path resource [com/example/restservicecors/GreetingIntegrationTests-context.xml] does not exist
20:55:46.458 [main] DEBUG org.springframework.test.context.support.AbstractContextLoader - Did not detect default resource location for test class [com.example.restservicecors.GreetingIntegrationTests]: class path resource [com/example/restservicecors/GreetingIntegrationTestsContext.groovy] does not exist
20:55:46.459 [main] INFO org.springframework.test.context.support.AbstractContextLoader - Could not detect default resource locations for test class [com.example.restservicecors.GreetingIntegrationTests]: no resource found for suffixes {-context.xml, Context.groovy}.
20:55:46.459 [main] INFO org.springframework.test.context.support.AnnotationConfigContextLoaderUtils - Could not detect default configuration classes for test class [com.example.restservicecors.GreetingIntegrationTests]: GreetingIntegrationTests does not declare any static, non-private, non-final, nested classes annotated with @Configuration.
20:55:46.493 [main] DEBUG org.springframework.test.context.support.ActiveProfilesUtils - Could not find an 'annotation declaring class' for annotation type [org.springframework.test.context.ActiveProfiles] and class [com.example.restservicecors.GreetingIntegrationTests]
20:55:46.537 [main] DEBUG org.springframework.context.annotation.ClassPathScanningCandidateComponentProvider - Identified candidate component class: file [/Users/ariel.schreiber/Desktop/gs-rest-service-cors-master/complete/target/classes/com/example/restservicecors/RestServiceApplication.class]
20:55:46.538 [main] INFO org.springframework.boot.test.context.SpringBootTestContextBootstrapper - Found @SpringBootConfiguration com.example.restservicecors.RestServiceApplication for test class com.example.restservicecors.GreetingIntegrationTests
20:55:46.603 [main] DEBUG org.springframework.boot.test.context.SpringBootTestContextBootstrapper - @TestExecutionListeners is not present for class [com.example.restservicecors.GreetingIntegrationTests]: using defaults.
20:55:46.603 [main] INFO org.springframework.boot.test.context.SpringBootTestContextBootstrapper - Loaded default TestExecutionListener class names from location [META-INF/spring.factories]: [org.springframework.boot.test.mock.mockito.MockitoTestExecutionListener, org.springframework.boot.test.mock.mockito.ResetMocksTestExecutionListener, org.springframework.boot.test.autoconfigure.restdocs.RestDocsTestExecutionListener, org.springframework.boot.test.autoconfigure.web.client.MockRestServiceServerResetTestExecutionListener, org.springframework.boot.test.autoconfigure.web.servlet.MockMvcPrintOnlyOnFailureTestExecutionListener, org.springframework.boot.test.autoconfigure.web.servlet.WebDriverTestExecutionListener, org.springframework.boot.test.autoconfigure.webservices.client.MockWebServiceServerTestExecutionListener, org.springframework.test.context.web.ServletTestExecutionListener, org.springframework.test.context.support.DirtiesContextBeforeModesTestExecutionListener, org.springframework.test.context.event.ApplicationEventsTestExecutionListener, org.springframework.test.context.support.DependencyInjectionTestExecutionListener, org.springframework.test.context.support.DirtiesContextTestExecutionListener, org.springframework.test.context.transaction.TransactionalTestExecutionListener, org.springframework.test.context.jdbc.SqlScriptsTestExecutionListener, org.springframework.test.context.event.EventPublishingTestExecutionListener]
20:55:46.613 [main] DEBUG org.springframework.boot.test.context.SpringBootTestContextBootstrapper - Skipping candidate TestExecutionListener [org.springframework.test.context.transaction.TransactionalTestExecutionListener] due to a missing dependency. Specify custom listener classes or make the default listener classes and their required dependencies available. Offending class: [org/springframework/transaction/interceptor/TransactionAttributeSource]
20:55:46.613 [main] DEBUG org.springframework.boot.test.context.SpringBootTestContextBootstrapper - Skipping candidate TestExecutionListener [org.springframework.test.context.jdbc.SqlScriptsTestExecutionListener] due to a missing dependency. Specify custom listener classes or make the default listener classes and their required dependencies available. Offending class: [org/springframework/transaction/interceptor/TransactionAttribute]
20:55:46.614 [main] INFO org.springframework.boot.test.context.SpringBootTestContextBootstrapper - Using TestExecutionListeners: [org.springframework.test.context.web.ServletTestExecutionListener@14008db3, org.springframework.test.context.support.DirtiesContextBeforeModesTestExecutionListener@78a773fd, org.springframework.test.context.event.ApplicationEventsTestExecutionListener@57c03d88, org.springframework.boot.test.mock.mockito.MockitoTestExecutionListener@16aa8654, org.springframework.boot.test.autoconfigure.SpringBootDependencyInjectionTestExecutionListener@6d7fc27, org.springframework.test.context.support.DirtiesContextTestExecutionListener@45ac5f9b, org.springframework.test.context.event.EventPublishingTestExecutionListener@135606db, org.springframework.boot.test.mock.mockito.ResetMocksTestExecutionListener@518caac3, org.springframework.boot.test.autoconfigure.restdocs.RestDocsTestExecutionListener@68034211, org.springframework.boot.test.autoconfigure.web.client.MockRestServiceServerResetTestExecutionListener@4f74980d, org.springframework.boot.test.autoconfigure.web.servlet.MockMvcPrintOnlyOnFailureTestExecutionListener@6c372fe6, org.springframework.boot.test.autoconfigure.web.servlet.WebDriverTestExecutionListener@58594a11, org.springframework.boot.test.autoconfigure.webservices.client.MockWebServiceServerTestExecutionListener@2a3888c1]
20:55:46.616 [main] DEBUG org.springframework.test.context.support.AbstractDirtiesContextTestExecutionListener - Before test class: context [DefaultTestContext@125290e5 testClass = GreetingIntegrationTests, testInstance = [null], testMethod = [null], testException = [null], mergedContextConfiguration = [WebMergedContextConfiguration@6fa34d52 testClass = GreetingIntegrationTests, locations = '{}', classes = '{class com.example.restservicecors.RestServiceApplication}', contextInitializerClasses = '[]', activeProfiles = '{}', propertySourceLocations = '{}', propertySourceProperties = '{org.springframework.boot.test.context.SpringBootTestContextBootstrapper=true, server.port=0}', contextCustomizers = set[org.springframework.boot.test.context.filter.ExcludeFilterContextCustomizer@17a7f733, org.springframework.boot.test.json.DuplicateJsonObjectContextCustomizerFactory$DuplicateJsonObjectContextCustomizer@11fc564b, org.springframework.boot.test.mock.mockito.MockitoContextCustomizer@0, org.springframework.boot.test.web.client.TestRestTemplateContextCustomizer@1d8bd0de, org.springframework.boot.test.autoconfigure.actuate.metrics.MetricsExportContextCustomizerFactory$DisableMetricExportContextCustomizer@71c3b41, org.springframework.boot.test.autoconfigure.properties.PropertyMappingContextCustomizer@0, org.springframework.boot.test.autoconfigure.web.servlet.WebDriverContextCustomizerFactory$Customizer@524d6d96, org.springframework.boot.test.context.SpringBootTestArgs@1, org.springframework.boot.test.context.SpringBootTestWebEnvironment@731a74c], resourceBasePath = 'src/main/webapp', contextLoader = 'org.springframework.boot.test.context.SpringBootContextLoader', parent = [null]], attributes = map['org.springframework.test.context.web.ServletTestExecutionListener.activateListener' -> false]], class annotated with @DirtiesContext [false] with mode [null].
20:55:46.630 [main] DEBUG org.springframework.test.context.support.DependencyInjectionTestExecutionListener - Performing dependency injection for test context [[DefaultTestContext@125290e5 testClass = GreetingIntegrationTests, testInstance = com.example.restservicecors.GreetingIntegrationTests@5b7a8434, testMethod = [null], testException = [null], mergedContextConfiguration = [WebMergedContextConfiguration@6fa34d52 testClass = GreetingIntegrationTests, locations = '{}', classes = '{class com.example.restservicecors.RestServiceApplication}', contextInitializerClasses = '[]', activeProfiles = '{}', propertySourceLocations = '{}', propertySourceProperties = '{org.springframework.boot.test.context.SpringBootTestContextBootstrapper=true, server.port=0}', contextCustomizers = set[org.springframework.boot.test.context.filter.ExcludeFilterContextCustomizer@17a7f733, org.springframework.boot.test.json.DuplicateJsonObjectContextCustomizerFactory$DuplicateJsonObjectContextCustomizer@11fc564b, org.springframework.boot.test.mock.mockito.MockitoContextCustomizer@0, org.springframework.boot.test.web.client.TestRestTemplateContextCustomizer@1d8bd0de, org.springframework.boot.test.autoconfigure.actuate.metrics.MetricsExportContextCustomizerFactory$DisableMetricExportContextCustomizer@71c3b41, org.springframework.boot.test.autoconfigure.properties.PropertyMappingContextCustomizer@0, org.springframework.boot.test.autoconfigure.web.servlet.WebDriverContextCustomizerFactory$Customizer@524d6d96, org.springframework.boot.test.context.SpringBootTestArgs@1, org.springframework.boot.test.context.SpringBootTestWebEnvironment@731a74c], resourceBasePath = 'src/main/webapp', contextLoader = 'org.springframework.boot.test.context.SpringBootContextLoader', parent = [null]], attributes = map['org.springframework.test.context.web.ServletTestExecutionListener.activateListener' -> false, 'org.springframework.test.context.event.ApplicationEventsTestExecutionListener.recordApplicationEvents' -> false]]].
20:55:46.647 [main] DEBUG org.springframework.test.context.support.TestPropertySourceUtils - Adding inlined properties to environment: {spring.jmx.enabled=false, org.springframework.boot.test.context.SpringBootTestContextBootstrapper=true, server.port=0}

  .   ____          _            __ _ _
 /\\ / ___'_ __ _ _(_)_ __  __ _ \ \ \ \
( ( )\___ | '_ | '_| | '_ \/ _` | \ \ \ \
 \\/  ___)| |_)| | | | | || (_| |  ) ) ) )
  '  |____| .__|_| |_|_| |_\__, | / / / /
 =========|_|==============|___/=/_/_/_/
 :: Spring Boot ::                (v2.4.2)

2021-02-09 20:55:46.842  INFO 71488 --- [           main] c.e.r.GreetingIntegrationTests           : Starting GreetingIntegrationTests using Java 12.0.2 on amirs-mac with PID 71488 (started by ariel.schreiber in /Users/ariel.schreiber/Desktop/gs-rest-service-cors-master/complete)
2021-02-09 20:55:46.844  INFO 71488 --- [           main] c.e.r.GreetingIntegrationTests           : No active profile set, falling back to default profiles: default
2021-02-09 20:55:47.573  INFO 71488 --- [           main] o.s.b.w.embedded.tomcat.TomcatWebServer  : Tomcat initialized with port(s): 0 (http)
2021-02-09 20:55:47.581  INFO 71488 --- [           main] o.apache.catalina.core.StandardService   : Starting service [Tomcat]
2021-02-09 20:55:47.581  INFO 71488 --- [           main] org.apache.catalina.core.StandardEngine  : Starting Servlet engine: [Apache Tomcat/9.0.41]
2021-02-09 20:55:47.647  INFO 71488 --- [           main] o.a.c.c.C.[Tomcat].[localhost].[/]       : Initializing Spring embedded WebApplicationContext
2021-02-09 20:55:47.647  INFO 71488 --- [           main] w.s.c.ServletWebServerApplicationContext : Root WebApplicationContext: initialization completed in 785 ms
2021-02-09 20:55:47.898  INFO 71488 --- [           main] o.s.s.concurrent.ThreadPoolTaskExecutor  : Initializing ExecutorService 'applicationTaskExecutor'
2021-02-09 20:55:48.284  INFO 71488 --- [           main] o.s.b.w.embedded.tomcat.TomcatWebServer  : Tomcat started on port(s): 56046 (http) with context path ''
2021-02-09 20:55:48.290  INFO 71488 --- [           main] c.e.r.GreetingIntegrationTests           : Started GreetingIntegrationTests in 1.642 seconds (JVM running for 2.303)
2021-02-09 20:55:48.654  INFO 71488 --- [o-auto-1-exec-1] o.a.c.c.C.[Tomcat].[localhost].[/]       : Initializing Spring DispatcherServlet 'dispatcherServlet'
2021-02-09 20:55:48.655  INFO 71488 --- [o-auto-1-exec-1] o.s.web.servlet.DispatcherServlet        : Initializing Servlet 'dispatcherServlet'
2021-02-09 20:55:48.656  INFO 71488 --- [o-auto-1-exec-1] o.s.web.servlet.DispatcherServlet        : Completed initialization in 1 ms
]]></system-out>
  </testcase>
</testsuite>